<?xml version="1.0" encoding="UTF-8"?>
<testng-results skipped="0" failed="0" ignored="0" total="0" passed="0">
  <reporter-output>
  </reporter-output>
  <suite name="BaseTest" duration-ms="10" started-at="2018-12-25T17:50:41Z" finished-at="2018-12-25T17:50:41Z">
    <groups>
    </groups>
    <test name="Command line test" duration-ms="10" started-at="2018-12-25T17:50:41Z" finished-at="2018-12-25T17:50:41Z">
    </test> <!-- Command line test -->
  </suite> <!-- BaseTest -->
</testng-results>
